
======================================
June-21-2017-h21m46s02
======================================

os.environ['SIMULATION_SCRIPT']   = /home/chopper/src/evolve_root.py
os.environ['SIMULATION_BATCH_ROOT']   = /home/chopper/src/simulators/BATCH_ROOT.py
os.environ['LAUNCHING_SCRIPT']    = /home/chopper/src/launchers/launcher.py
os.environ['SIMULATION_DIRECTORY']= /home/chopper/src/simulators
os.environ['LAUNCHING_DIRECTORY'] = /home/chopper/src/launchers/
os.environ['SIMULATION_CONFIGS']  = /home/chopper/data/input/test/config_list.txt
PATH  = /software/CentOS-6/tools/openmpi-1.8.3-gcc/bin:/software/compilers/Intel/2015-15.0/composer_xe_2015.0.090/mkl/bin:/software/CentOS-6/compilers/gcc-4.9.1/bin:/software/tools/datamover:/home/chopper/python3.5.1/bin:/opt/torque/x86_64/bin:/usr/lib64/qt-3.3/bin:/opt/moab/bin:/usr/local/bin:/bin:/usr/bin:/usr/local/sbin:/usr/sbin:/sbin:/usr/lpp/mmfs/bin:/sb/software/tools/scripts:/usr/lpp/mmfs/bin:/usr/lpp/mmfs/bin:/home/chopper/bin
LD_LIBRARY_PATH  = /software/CentOS-6/tools/openmpi-1.8.3-gcc/lib:/opt/torque/x86_64/lib:/software/compilers/Intel/2015-15.0/composer_xe_2015.0.090/mkl/lib/intel64:/software/CentOS-6/compilers/gcc-4.9.1/lib64:/software/CentOS-6/compilers/gcc-4.9.1/lib:/home/chopper/python3.5.1/lib::
Simulation job dispatched .. 93201330.gm-1r16-n04.guillimin.clumeq.ca
I will wait 1 minute  before dispatching the Launching job, Please wait ...

qsub -N config_lis -o /home/chopper/data/output/test/cluster/qsub_simulation_output_lg-r-n_config_lis_June-21-2017-h21m46s02.txt -e /home/chopper/data/output/test/cluster/qsub_simulation_error_lg-r-n_config_lis_June-21-2017-h21m46s02.txt -V /home/chopper/src/launchers/simulation_job_guillimin.sh
Launch job dispatched .. 93201463.gm-1r16-n04.guillimin.clumeq.ca


qsub -N config_lis -o /home/chopper/data/output/test/cluster/qsub_launching_output_lg-r-n_config_lis_June-21-2017-h21m46s02.txt -e /home/chopper/data/output/test/cluster/qsub_launching_error_lg-r-n_config_lis_June-21-2017-h21m46s02.txt -V /home/chopper/src/launchers/launching_job_guillimin.sh -W depend=afterany:93201330
======================================
June-21-2017-h21m58s04
======================================

os.environ['SIMULATION_SCRIPT']   = /home/chopper/src/evolve_root.py
os.environ['SIMULATION_BATCH_ROOT']   = /home/chopper/src/simulators/BATCH_ROOT.py
os.environ['LAUNCHING_SCRIPT']    = /home/chopper/src/launchers/launcher.py
os.environ['SIMULATION_DIRECTORY']= /home/chopper/src/simulators
os.environ['LAUNCHING_DIRECTORY'] = /home/chopper/src/launchers/
os.environ['SIMULATION_CONFIGS']  = /home/chopper/data/input/test/config_list.txt
PATH  = /software/CentOS-6/tools/openmpi-1.8.3-gcc/bin:/software/compilers/Intel/2015-15.0/composer_xe_2015.0.090/mkl/bin:/software/CentOS-6/compilers/gcc-4.9.1/bin:/software/tools/datamover:/home/chopper/python3.5.1/bin:/opt/torque/x86_64/bin:/usr/lib64/qt-3.3/bin:/opt/moab/bin:/usr/local/bin:/bin:/usr/bin:/usr/local/sbin:/usr/sbin:/sbin:/usr/lpp/mmfs/bin:/sb/software/tools/scripts:/usr/lpp/mmfs/bin:/usr/lpp/mmfs/bin:/home/chopper/bin
LD_LIBRARY_PATH  = /software/CentOS-6/tools/openmpi-1.8.3-gcc/lib:/opt/torque/x86_64/lib:/software/compilers/Intel/2015-15.0/composer_xe_2015.0.090/mkl/lib/intel64:/software/CentOS-6/compilers/gcc-4.9.1/lib64:/software/CentOS-6/compilers/gcc-4.9.1/lib:/home/chopper/python3.5.1/lib::
Simulation job dispatched .. 93202051.gm-1r16-n04.guillimin.clumeq.ca
I will wait 1 minute  before dispatching the Launching job, Please wait ...

qsub -N config_lis -o /home/chopper/data/output/test/cluster/qsub_simulation_output_lg-r-n_config_lis_June-21-2017-h21m58s04.txt -e /home/chopper/data/output/test/cluster/qsub_simulation_error_lg-r-n_config_lis_June-21-2017-h21m58s04.txt -V /home/chopper/src/launchers/simulation_job_guillimin.sh
Launch job dispatched .. 93202066.gm-1r16-n04.guillimin.clumeq.ca


qsub -N config_lis -o /home/chopper/data/output/test/cluster/qsub_launching_output_lg-r-n_config_lis_June-21-2017-h21m58s04.txt -e /home/chopper/data/output/test/cluster/qsub_launching_error_lg-r-n_config_lis_June-21-2017-h21m58s04.txt -V /home/chopper/src/launchers/launching_job_guillimin.sh -W depend=afterany:93202051Usage: python3 launcher.py [/absolute/path/to/batch/CONFIGS.txt (containing paths to configs files)]
Exiting..
