Usage: python3 launcher_vX.py [/absolute/path/to/input/file.txt (containing paths to configs files)]
Exiting..

======================================
April-27-2018-h12m32s57
======================================

======================================
April-27-2018-h12m33s44
======================================

os.environ['SIMULATION_SCRIPT']   = /home/chopper/evoEvo/src/roots/evolve.py
os.environ['SIMULATION_BATCH_ROOT']   = /home/chopper/evoEvo/src/roots/batch.py
os.environ['LAUNCHING_SCRIPT']    = /home/chopper/evoEvo/src/launchers/launcher.py
os.environ['SIMULATION_DIRECTORY']= /home/chopper/evoEvo/src/simulators/
os.environ['LAUNCHING_DIRECTORY'] = /home/chopper/evoEvo/src/launchers/
os.environ['SIMULATION_CONFIGS']  = /home/chopper/evoEvo/data/input/001/001g
PATH  = /software/CentOS-6/tools/openmpi-1.8.3-gcc/bin:/software/compilers/Intel/2015-15.0/composer_xe_2015.0.090/mkl/bin:/software/CentOS-6/compilers/gcc-4.9.1/bin:/software/tools/datamover:/home/chopper/python3.5.1/bin:/opt/torque/x86_64/bin:/usr/lib64/qt-3.3/bin:/opt/moab/bin:/usr/local/bin:/bin:/usr/bin:/usr/local/sbin:/usr/sbin:/sbin:/usr/lpp/mmfs/bin:/sb/software/tools/scripts:/usr/lpp/mmfs/bin:/usr/lpp/mmfs/bin:/usr/lpp/mmfs/bin:/sb/software/tools/scripts:/usr/lpp/mmfs/bin:/sb/software/tools/scripts:/usr/lpp/mmfs/bin:/sb/software/tools/scripts:/usr/lpp/mmfs/bin:/sb/software/tools/scripts:/home/chopper/bin
LD_LIBRARY_PATH  = /software/CentOS-6/tools/openmpi-1.8.3-gcc/lib:/opt/torque/x86_64/lib:/software/compilers/Intel/2015-15.0/composer_xe_2015.0.090/mkl/lib/intel64:/software/CentOS-6/compilers/gcc-4.9.1/lib64:/software/CentOS-6/compilers/gcc-4.9.1/lib:/home/chopper/python3.5.1/lib::
Simulation job dispatched .. 5571057.gm-1r16-n04.guillimin.clumeq.ca
I will wait 1 minute before dispatching the Launching job, Please wait ...

qsub -N 001g -o /gs/scratch/chopper/qsubs/qsub_simulation_output_lg-r-n_001g_April-27-2018-h12m33s44.txt -e /gs/scratch/chopper/qsubs/qsub_simulation_error_lg-r-n_001g_April-27-2018-h12m33s44.txt -V /home/chopper/evoEvo/src/launchers/simulation_job_guillimin.sh
Launch job dispatched .. 


qsub -N 001g -o /gs/scratch/chopper/qsubs/qsub_launching_output_lg-r-n_001g_April-27-2018-h12m33s44.txt -e /gs/scratch/chopper/qsubs/qsub_launching_error_lg-r-n_001g_April-27-2018-h12m33s44.txt -V /home/chopper/evoEvo/src/launchers/launching_job_guillimin.sh -W depend=afterany:5571057